True
Args in experiment:
Basic Config
  Task Name:          long_term_forecast  Is Training:        1
  Model ID:           Solar_Alabama       Model:              RAFT

Data Loader
  Data:               custom              Root Path:          ./data/solar-energy/
  Data Path:          Alabama_137_Plants_2006.csvFeatures:           M
  Target:             0                   Freq:               t
  Checkpoints:        ./checkpoints/

Forecasting Task
  Seq Len:            48                  Label Len:          48
  Pred Len:           24                  Seasonal Patterns:  Monthly
  Inverse:            0

Model Parameters
  Top k:              5                   Num Kernels:        6
  Enc In:             137                 Dec In:             137
  C Out:              137                 d model:            128
  n heads:            8                   e layers:           2
  d layers:           1                   d FF:               256
  Moving Avg:         25                  Factor:             1
  Distil:             1                   Dropout:            0.1
  Embed:              timeF               Activation:         gelu
  Output Attention:   0

Run Parameters
  Num Workers:        0                   Itr:                1
  Train Epochs:       10                  Batch Size:         16
  Patience:           10                  Learning Rate:      0.0001
  Des:                test                Loss:               MSE
  Lradj:              type1               Use Amp:            0

GPU
  Use GPU:            1                   GPU:                0
  Use Multi GPU:      0                   Devices:            0,1,2,3

De-stationary Projector Params
  P Hidden Dims:      128, 128            P Hidden Layers:    2

Use GPU: cuda:0
train 36721
val 5233
test 10489
Doing Train Retrieval
100%|██████████████████████████████████████████████████████████████████████████████████████████████████████████████████████████████████████████████████████████████████████████████████████████████| 36/36 [01:57<00:00,  3.27s/it]
Doing Valid Retrieval
100%|████████████████████████████████████████████████████████████████████████████████████████████████████████████████████████████████████████████████████████████████████████████████████████████████| 6/6 [00:17<00:00,  2.87s/it]
Doing Test Retrieval
100%|██████████████████████████████████████████████████████████████████████████████████████████████████████████████████████████████████████████████████████████████████████████████████████████████| 11/11 [00:33<00:00,  3.03s/it]
>>>>>>>start training : long_term_forecast_Solar_Alabama_RAFT_custom_ftM_sl48_ll48_pl24_dm128_nh8_el2_dl1_df256_expand2_dc4_fc1_ebtimeF_dtTrue_test_0>>>>>>>>>>>>>>>>>>>>>>>>>>
train 36721
val 5233
test 10489
        iters: 100, epoch: 1 | loss: 0.2152331
        speed: 0.1817s/iter; left time: 4154.7268s
        iters: 200, epoch: 1 | loss: 0.3733473
        speed: 0.1470s/iter; left time: 3344.8169s
        iters: 300, epoch: 1 | loss: 0.5363105
        speed: 0.1484s/iter; left time: 3362.5561s
        iters: 400, epoch: 1 | loss: 0.3234325
        speed: 0.1480s/iter; left time: 3340.0396s
        iters: 500, epoch: 1 | loss: 0.4940370
        speed: 0.1477s/iter; left time: 3316.6927s
        iters: 600, epoch: 1 | loss: 0.3756465
        speed: 0.1479s/iter; left time: 3306.1781s
        iters: 700, epoch: 1 | loss: 0.1981344
        speed: 0.1509s/iter; left time: 3358.4594s
        iters: 800, epoch: 1 | loss: 0.5308813
        speed: 0.1479s/iter; left time: 3278.1601s
        iters: 900, epoch: 1 | loss: 0.2824879
        speed: 0.1477s/iter; left time: 3258.7306s
        iters: 1000, epoch: 1 | loss: 0.1994553
        speed: 0.1500s/iter; left time: 3294.0759s
        iters: 1100, epoch: 1 | loss: 0.2571210
        speed: 0.1537s/iter; left time: 3360.2545s
        iters: 1200, epoch: 1 | loss: 0.1382725
        speed: 0.1456s/iter; left time: 3168.6765s
        iters: 1300, epoch: 1 | loss: 0.2922795
        speed: 0.1463s/iter; left time: 3168.4245s
        iters: 1400, epoch: 1 | loss: 0.3670574
        speed: 0.1453s/iter; left time: 3133.2954s
        iters: 1500, epoch: 1 | loss: 0.1669852
        speed: 0.1466s/iter; left time: 3145.8290s
        iters: 1600, epoch: 1 | loss: 0.1990935
        speed: 0.1447s/iter; left time: 3089.9061s
        iters: 1700, epoch: 1 | loss: 0.2545342
        speed: 0.1447s/iter; left time: 3077.1434s
        iters: 1800, epoch: 1 | loss: 0.2700945
        speed: 0.1487s/iter; left time: 3146.3324s
        iters: 1900, epoch: 1 | loss: 0.1272696
        speed: 0.1561s/iter; left time: 3287.2465s
        iters: 2000, epoch: 1 | loss: 0.3140318
        speed: 0.1460s/iter; left time: 3060.5784s
        iters: 2100, epoch: 1 | loss: 0.3804999
        speed: 0.1458s/iter; left time: 3042.4277s
        iters: 2200, epoch: 1 | loss: 0.2125782
        speed: 0.1449s/iter; left time: 3007.8944s
Epoch: 1 cost time: 339.647500038147
Epoch: 1, Steps: 2296 | Train Loss: 0.2896663 Vali Loss: 0.2169915 Test Loss: 0.2182300
Updating learning rate to 0.0001
        iters: 100, epoch: 2 | loss: 0.2838960
        speed: 0.6476s/iter; left time: 13318.9204s
        iters: 200, epoch: 2 | loss: 0.2637701
        speed: 0.1458s/iter; left time: 2984.0592s
        iters: 300, epoch: 2 | loss: 0.1635875
        speed: 0.1456s/iter; left time: 2966.0129s
        iters: 400, epoch: 2 | loss: 0.1966634
        speed: 0.1460s/iter; left time: 2959.3590s
        iters: 500, epoch: 2 | loss: 0.1488466
        speed: 0.1454s/iter; left time: 2932.8475s
        iters: 600, epoch: 2 | loss: 0.2695484
        speed: 0.1459s/iter; left time: 2927.3409s
        iters: 700, epoch: 2 | loss: 0.2205525
        speed: 0.2016s/iter; left time: 4025.1049s
        iters: 800, epoch: 2 | loss: 0.2230393
        speed: 0.1478s/iter; left time: 2936.1388s
        iters: 900, epoch: 2 | loss: 0.3666364
        speed: 0.1459s/iter; left time: 2883.3751s
        iters: 1000, epoch: 2 | loss: 0.2121036
        speed: 0.1452s/iter; left time: 2854.4185s
        iters: 1100, epoch: 2 | loss: 0.3170044
        speed: 0.1460s/iter; left time: 2855.7649s
        iters: 1200, epoch: 2 | loss: 0.2021542
        speed: 0.1457s/iter; left time: 2836.6878s
        iters: 1300, epoch: 2 | loss: 0.2021655
        speed: 0.1463s/iter; left time: 2833.5504s
        iters: 1400, epoch: 2 | loss: 0.2836443
        speed: 0.1457s/iter; left time: 2806.9628s
        iters: 1500, epoch: 2 | loss: 0.3135775
        speed: 0.1462s/iter; left time: 2801.6002s
        iters: 1600, epoch: 2 | loss: 0.4016011
        speed: 0.1455s/iter; left time: 2774.7689s
        iters: 1700, epoch: 2 | loss: 0.2823310
        speed: 0.1459s/iter; left time: 2767.4281s
        iters: 1800, epoch: 2 | loss: 0.2516169
        speed: 0.1460s/iter; left time: 2753.9688s
        iters: 1900, epoch: 2 | loss: 0.1683414
        speed: 0.1475s/iter; left time: 2768.6705s
        iters: 2000, epoch: 2 | loss: 0.3071921
        speed: 0.1451s/iter; left time: 2708.8923s
        iters: 2100, epoch: 2 | loss: 0.2894409
        speed: 0.1535s/iter; left time: 2850.6449s
        iters: 2200, epoch: 2 | loss: 0.1683361
        speed: 0.1456s/iter; left time: 2689.1069s
Epoch: 2 cost time: 341.35932517051697
Epoch: 2, Steps: 2296 | Train Loss: 0.2302774 Vali Loss: 0.2110914 Test Loss: 0.2175488
Updating learning rate to 5e-05
        iters: 100, epoch: 3 | loss: 0.1792055
        speed: 0.6483s/iter; left time: 11843.0705s
        iters: 200, epoch: 3 | loss: 0.4363411
        speed: 0.1492s/iter; left time: 2711.6495s
        iters: 300, epoch: 3 | loss: 0.2520598
        speed: 0.1546s/iter; left time: 2794.2058s
        iters: 400, epoch: 3 | loss: 0.0875972
        speed: 0.1454s/iter; left time: 2611.8370s
        iters: 500, epoch: 3 | loss: 0.1594857
        speed: 0.1456s/iter; left time: 2602.4888s
        iters: 600, epoch: 3 | loss: 0.1892258
        speed: 0.1458s/iter; left time: 2591.4813s
        iters: 700, epoch: 3 | loss: 0.2418053
        speed: 0.1459s/iter; left time: 2578.6658s
        iters: 800, epoch: 3 | loss: 0.5607364
        speed: 0.1459s/iter; left time: 2562.6645s
        iters: 900, epoch: 3 | loss: 0.3611171
        speed: 0.1458s/iter; left time: 2547.3789s
        iters: 1000, epoch: 3 | loss: 0.2195795
        speed: 0.1458s/iter; left time: 2531.5798s
        iters: 1100, epoch: 3 | loss: 0.0915081
        speed: 0.1459s/iter; left time: 2519.5969s
        iters: 1200, epoch: 3 | loss: 0.2284658
        speed: 0.1459s/iter; left time: 2505.6942s
        iters: 1300, epoch: 3 | loss: 0.2957219
        speed: 0.1464s/iter; left time: 2499.3007s
        iters: 1400, epoch: 3 | loss: 0.1803906
        speed: 0.2021s/iter; left time: 3429.2330s
        iters: 1500, epoch: 3 | loss: 0.2193029
        speed: 0.1483s/iter; left time: 2502.2651s
        iters: 1600, epoch: 3 | loss: 0.2954654
        speed: 0.1464s/iter; left time: 2454.1986s
        iters: 1700, epoch: 3 | loss: 0.1533713
        speed: 0.1472s/iter; left time: 2453.9117s
        iters: 1800, epoch: 3 | loss: 0.2203237
        speed: 0.1459s/iter; left time: 2417.7966s
        iters: 1900, epoch: 3 | loss: 0.3719383
        speed: 0.1467s/iter; left time: 2415.4028s
        iters: 2000, epoch: 3 | loss: 0.2113736
        speed: 0.1475s/iter; left time: 2414.1727s
        iters: 2100, epoch: 3 | loss: 0.4488508
        speed: 0.1464s/iter; left time: 2382.4859s
        iters: 2200, epoch: 3 | loss: 0.2613831
        speed: 0.1483s/iter; left time: 2398.5921s
Epoch: 3 cost time: 343.09491300582886
Epoch: 3, Steps: 2296 | Train Loss: 0.2259006 Vali Loss: 0.2080047 Test Loss: 0.2151150
Updating learning rate to 2.5e-05
        iters: 100, epoch: 4 | loss: 0.1961229
        speed: 0.6519s/iter; left time: 10412.8609s
        iters: 200, epoch: 4 | loss: 0.2744097
        speed: 0.1455s/iter; left time: 2308.9244s
        iters: 300, epoch: 4 | loss: 0.1653582
        speed: 0.1549s/iter; left time: 2443.8628s
        iters: 400, epoch: 4 | loss: 0.2340783
        speed: 0.1484s/iter; left time: 2325.9526s
        iters: 500, epoch: 4 | loss: 0.2654117
        speed: 0.1469s/iter; left time: 2287.7330s
        iters: 600, epoch: 4 | loss: 0.4128967
        speed: 0.1459s/iter; left time: 2257.4006s
        iters: 700, epoch: 4 | loss: 0.1116905
        speed: 0.1463s/iter; left time: 2248.6585s
        iters: 800, epoch: 4 | loss: 0.1446292
        speed: 0.1465s/iter; left time: 2236.9357s
        iters: 900, epoch: 4 | loss: 0.4018510
        speed: 0.1456s/iter; left time: 2209.8359s
        iters: 1000, epoch: 4 | loss: 0.1334746
        speed: 0.1463s/iter; left time: 2204.4747s
        iters: 1100, epoch: 4 | loss: 0.1887810
        speed: 0.1464s/iter; left time: 2191.7976s
        iters: 1200, epoch: 4 | loss: 0.2405171
        speed: 0.1453s/iter; left time: 2161.2308s
        iters: 1300, epoch: 4 | loss: 0.3191661
        speed: 0.1460s/iter; left time: 2156.4586s
        iters: 1400, epoch: 4 | loss: 0.1688749
        speed: 0.1462s/iter; left time: 2145.6795s
        iters: 1500, epoch: 4 | loss: 0.2752129
        speed: 0.1458s/iter; left time: 2124.0551s
        iters: 1600, epoch: 4 | loss: 0.1319743
        speed: 0.1462s/iter; left time: 2115.8535s
        iters: 1700, epoch: 4 | loss: 0.3094667
        speed: 0.1463s/iter; left time: 2102.0974s
        iters: 1800, epoch: 4 | loss: 0.1874141
        speed: 0.1943s/iter; left time: 2772.6963s
        iters: 1900, epoch: 4 | loss: 0.2436869
        speed: 0.1522s/iter; left time: 2156.6853s
        iters: 2000, epoch: 4 | loss: 0.1386916
        speed: 0.1463s/iter; left time: 2058.2215s
        iters: 2100, epoch: 4 | loss: 0.2333849
        speed: 0.1468s/iter; left time: 2051.1485s
        iters: 2200, epoch: 4 | loss: 0.2555238
        speed: 0.1457s/iter; left time: 2021.1949s
Epoch: 4 cost time: 342.09390330314636
Epoch: 4, Steps: 2296 | Train Loss: 0.2242776 Vali Loss: 0.2064337 Test Loss: 0.2152718
Updating learning rate to 1.25e-05
        iters: 100, epoch: 5 | loss: 0.2037460
        speed: 0.6507s/iter; left time: 8899.3735s
        iters: 200, epoch: 5 | loss: 0.1823268
        speed: 0.1458s/iter; left time: 1979.2928s
        iters: 300, epoch: 5 | loss: 0.2097115
        speed: 0.1459s/iter; left time: 1966.3334s
        iters: 400, epoch: 5 | loss: 0.1545717
        speed: 0.1484s/iter; left time: 1985.6177s
        iters: 500, epoch: 5 | loss: 0.1870092
        speed: 0.1464s/iter; left time: 1944.3290s
        iters: 600, epoch: 5 | loss: 0.2084407
        speed: 0.1466s/iter; left time: 1931.9266s
        iters: 700, epoch: 5 | loss: 0.1890994
        speed: 0.1506s/iter; left time: 1969.6210s
        iters: 800, epoch: 5 | loss: 0.0836703
        speed: 0.1571s/iter; left time: 2038.9867s
        iters: 900, epoch: 5 | loss: 0.2011731
        speed: 0.1454s/iter; left time: 1872.4759s
        iters: 1000, epoch: 5 | loss: 0.2006045
        speed: 0.1458s/iter; left time: 1862.4110s
        iters: 1100, epoch: 5 | loss: 0.1581677
        speed: 0.1467s/iter; left time: 1859.1274s
        iters: 1200, epoch: 5 | loss: 0.1532001
        speed: 0.1471s/iter; left time: 1849.7492s
        iters: 1300, epoch: 5 | loss: 0.2132875
        speed: 0.1453s/iter; left time: 1812.9388s
        iters: 1400, epoch: 5 | loss: 0.2347718
        speed: 0.1457s/iter; left time: 1803.4850s
        iters: 1500, epoch: 5 | loss: 0.2994047
        speed: 0.1459s/iter; left time: 1790.7584s
        iters: 1600, epoch: 5 | loss: 0.2451583
        speed: 0.1460s/iter; left time: 1777.3305s
        iters: 1700, epoch: 5 | loss: 0.2319374
        speed: 0.1460s/iter; left time: 1763.7618s
        iters: 1800, epoch: 5 | loss: 0.3289245
        speed: 0.1453s/iter; left time: 1740.0464s
        iters: 1900, epoch: 5 | loss: 0.1738073
        speed: 0.1455s/iter; left time: 1727.5391s
        iters: 2000, epoch: 5 | loss: 0.2695349
        speed: 0.1458s/iter; left time: 1717.4732s
        iters: 2100, epoch: 5 | loss: 0.3012622
        speed: 0.1461s/iter; left time: 1705.5784s
        iters: 2200, epoch: 5 | loss: 0.4024608
        speed: 0.1455s/iter; left time: 1684.1351s
Epoch: 5 cost time: 336.9694330692291
Epoch: 5, Steps: 2296 | Train Loss: 0.2237035 Vali Loss: 0.2075804 Test Loss: 0.2157217
Updating learning rate to 6.25e-06
        iters: 100, epoch: 6 | loss: 0.2096351
        speed: 0.6475s/iter; left time: 7369.1948s
        iters: 200, epoch: 6 | loss: 0.2717824
        speed: 0.1457s/iter; left time: 1643.2207s
        iters: 300, epoch: 6 | loss: 0.2612813
        speed: 0.1454s/iter; left time: 1626.0816s
        iters: 400, epoch: 6 | loss: 0.2178851
        speed: 0.1452s/iter; left time: 1609.2069s
        iters: 500, epoch: 6 | loss: 0.1674621
        speed: 0.1461s/iter; left time: 1603.8083s
        iters: 600, epoch: 6 | loss: 0.1306337
        speed: 0.1450s/iter; left time: 1578.0944s
        iters: 700, epoch: 6 | loss: 0.0987951
        speed: 0.1457s/iter; left time: 1570.4972s
        iters: 800, epoch: 6 | loss: 0.2573407
        speed: 0.1455s/iter; left time: 1554.5401s
        iters: 900, epoch: 6 | loss: 0.1747079
        speed: 0.1456s/iter; left time: 1540.4095s
        iters: 1000, epoch: 6 | loss: 0.2830151
        speed: 0.1453s/iter; left time: 1522.7041s
        iters: 1100, epoch: 6 | loss: 0.1342676
        speed: 0.1452s/iter; left time: 1507.0342s
        iters: 1200, epoch: 6 | loss: 0.1572541
        speed: 0.1456s/iter; left time: 1497.1463s
        iters: 1300, epoch: 6 | loss: 0.2540009
        speed: 0.1458s/iter; left time: 1484.5204s
        iters: 1400, epoch: 6 | loss: 0.1337931
        speed: 0.1466s/iter; left time: 1477.5063s
        iters: 1500, epoch: 6 | loss: 0.4487578
        speed: 0.1459s/iter; left time: 1456.3568s
        iters: 1600, epoch: 6 | loss: 0.2339281
        speed: 0.1457s/iter; left time: 1439.4906s
        iters: 1700, epoch: 6 | loss: 0.1495115
        speed: 0.1464s/iter; left time: 1431.5807s
        iters: 1800, epoch: 6 | loss: 0.1870429
        speed: 0.1494s/iter; left time: 1446.6901s
        iters: 1900, epoch: 6 | loss: 0.3605534
        speed: 0.1528s/iter; left time: 1463.5240s
        iters: 2000, epoch: 6 | loss: 0.2424766
        speed: 0.1490s/iter; left time: 1412.7232s
        iters: 2100, epoch: 6 | loss: 0.1611096
        speed: 0.1468s/iter; left time: 1377.0716s
        iters: 2200, epoch: 6 | loss: 0.1057973
        speed: 0.1509s/iter; left time: 1400.7467s
Epoch: 6 cost time: 337.0782570838928
Epoch: 6, Steps: 2296 | Train Loss: 0.2231724 Vali Loss: 0.2085764 Test Loss: 0.2158669
Updating learning rate to 3.125e-06
        iters: 100, epoch: 7 | loss: 0.2945009
        speed: 0.6941s/iter; left time: 6305.5482s
        iters: 200, epoch: 7 | loss: 0.1325736
        speed: 0.1482s/iter; left time: 1331.7118s
        iters: 300, epoch: 7 | loss: 0.1644817
        speed: 0.1468s/iter; left time: 1304.7067s
        iters: 400, epoch: 7 | loss: 0.1621663
        speed: 0.1464s/iter; left time: 1285.8896s
        iters: 500, epoch: 7 | loss: 0.1607562
        speed: 0.1467s/iter; left time: 1274.2080s
        iters: 600, epoch: 7 | loss: 0.1883595
        speed: 0.1462s/iter; left time: 1255.4979s
        iters: 700, epoch: 7 | loss: 0.5557929
        speed: 0.1469s/iter; left time: 1246.5638s
        iters: 800, epoch: 7 | loss: 0.1266047
        speed: 0.1462s/iter; left time: 1226.0823s
        iters: 900, epoch: 7 | loss: 0.2232881
        speed: 0.1459s/iter; left time: 1208.9704s
        iters: 1000, epoch: 7 | loss: 0.1178992
        speed: 0.1459s/iter; left time: 1193.9695s
        iters: 1100, epoch: 7 | loss: 0.2891915
        speed: 0.1475s/iter; left time: 1192.8964s
        iters: 1200, epoch: 7 | loss: 0.1499269
        speed: 0.1916s/iter; left time: 1530.2350s
        iters: 1300, epoch: 7 | loss: 0.2124399
        speed: 0.1483s/iter; left time: 1169.7013s
        iters: 1400, epoch: 7 | loss: 0.2103457
        speed: 0.1457s/iter; left time: 1134.4515s
        iters: 1500, epoch: 7 | loss: 0.1558197
        speed: 0.1516s/iter; left time: 1165.0830s
        iters: 1600, epoch: 7 | loss: 0.1975925
        speed: 0.1462s/iter; left time: 1108.5723s
        iters: 1700, epoch: 7 | loss: 0.2449226
        speed: 0.1466s/iter; left time: 1096.9520s
        iters: 1800, epoch: 7 | loss: 0.2055047
        speed: 0.1461s/iter; left time: 1078.9712s
        iters: 1900, epoch: 7 | loss: 0.3554409
        speed: 0.1457s/iter; left time: 1061.3713s
        iters: 2000, epoch: 7 | loss: 0.1770436
        speed: 0.1459s/iter; left time: 1048.0247s
        iters: 2100, epoch: 7 | loss: 0.1638498
        speed: 0.1459s/iter; left time: 1033.7929s
        iters: 2200, epoch: 7 | loss: 0.1488839
        speed: 0.1465s/iter; left time: 1022.9769s
Epoch: 7 cost time: 341.4340841770172
Epoch: 7, Steps: 2296 | Train Loss: 0.2232373 Vali Loss: 0.2120046 Test Loss: 0.2156087
Updating learning rate to 1.5625e-06
        iters: 100, epoch: 8 | loss: 0.1565930
        speed: 0.6519s/iter; left time: 4425.7069s
        iters: 200, epoch: 8 | loss: 0.2810460
        speed: 0.1446s/iter; left time: 967.4417s
        iters: 300, epoch: 8 | loss: 0.1987068
        speed: 0.1453s/iter; left time: 957.5950s
        iters: 400, epoch: 8 | loss: 0.2195556
        speed: 0.1447s/iter; left time: 938.8402s
        iters: 500, epoch: 8 | loss: 0.2228819
        speed: 0.1451s/iter; left time: 927.3134s
        iters: 600, epoch: 8 | loss: 0.1822948
        speed: 0.1451s/iter; left time: 912.2328s
        iters: 700, epoch: 8 | loss: 0.1269798
        speed: 0.1455s/iter; left time: 900.5151s
        iters: 800, epoch: 8 | loss: 0.1716392
        speed: 0.1448s/iter; left time: 881.3941s
        iters: 900, epoch: 8 | loss: 0.2560727
        speed: 0.1445s/iter; left time: 865.4202s
        iters: 1000, epoch: 8 | loss: 0.1759224
        speed: 0.1452s/iter; left time: 855.0962s
        iters: 1100, epoch: 8 | loss: 0.2132119
        speed: 0.1446s/iter; left time: 837.3311s
        iters: 1200, epoch: 8 | loss: 0.1035300
        speed: 0.1445s/iter; left time: 822.2976s
        iters: 1300, epoch: 8 | loss: 0.1014195
        speed: 0.1452s/iter; left time: 811.3116s
        iters: 1400, epoch: 8 | loss: 0.2696825
        speed: 0.1455s/iter; left time: 798.6084s
        iters: 1500, epoch: 8 | loss: 0.1281506
        speed: 0.1450s/iter; left time: 781.1465s
        iters: 1600, epoch: 8 | loss: 0.1941006
        speed: 0.1446s/iter; left time: 764.6402s
        iters: 1700, epoch: 8 | loss: 0.3028622
        speed: 0.1464s/iter; left time: 759.7384s
        iters: 1800, epoch: 8 | loss: 0.2528382
        speed: 0.1443s/iter; left time: 734.3500s
        iters: 1900, epoch: 8 | loss: 0.1400435
        speed: 0.1443s/iter; left time: 719.8700s
        iters: 2000, epoch: 8 | loss: 0.4266548
        speed: 0.1444s/iter; left time: 706.1258s
        iters: 2100, epoch: 8 | loss: 0.1005308
        speed: 0.1446s/iter; left time: 692.4976s
        iters: 2200, epoch: 8 | loss: 0.1654058
        speed: 0.1447s/iter; left time: 678.6945s
Epoch: 8 cost time: 333.2155101299286
Epoch: 8, Steps: 2296 | Train Loss: 0.2229755 Vali Loss: 0.2074099 Test Loss: 0.2156558
Updating learning rate to 7.8125e-07
        iters: 100, epoch: 9 | loss: 0.2636251
        speed: 0.6416s/iter; left time: 2882.5937s
        iters: 200, epoch: 9 | loss: 0.2317709
        speed: 0.1441s/iter; left time: 632.8609s
        iters: 300, epoch: 9 | loss: 0.1488795
        speed: 0.1445s/iter; left time: 620.4318s
        iters: 400, epoch: 9 | loss: 0.1472454
        speed: 0.1444s/iter; left time: 605.5595s
        iters: 500, epoch: 9 | loss: 0.1505881
        speed: 0.1449s/iter; left time: 593.0019s
        iters: 600, epoch: 9 | loss: 0.2372021
        speed: 0.1444s/iter; left time: 576.6752s
        iters: 700, epoch: 9 | loss: 0.1699688
        speed: 0.1445s/iter; left time: 562.5448s
        iters: 800, epoch: 9 | loss: 0.4208819
        speed: 0.1441s/iter; left time: 546.5761s
        iters: 900, epoch: 9 | loss: 0.1716428
        speed: 0.1446s/iter; left time: 534.1620s
        iters: 1000, epoch: 9 | loss: 0.0870860
        speed: 0.1451s/iter; left time: 521.2801s
        iters: 1100, epoch: 9 | loss: 0.2163605
        speed: 0.1446s/iter; left time: 504.9539s
        iters: 1200, epoch: 9 | loss: 0.1829573
        speed: 0.1507s/iter; left time: 511.4264s
        iters: 1300, epoch: 9 | loss: 0.3499667
        speed: 0.1521s/iter; left time: 500.9264s
        iters: 1400, epoch: 9 | loss: 0.3570618
        speed: 0.1485s/iter; left time: 474.0175s
        iters: 1500, epoch: 9 | loss: 0.1486590
        speed: 0.1457s/iter; left time: 450.6585s
        iters: 1600, epoch: 9 | loss: 0.1422298
        speed: 0.1460s/iter; left time: 436.9869s
        iters: 1700, epoch: 9 | loss: 0.2337912
        speed: 0.1463s/iter; left time: 423.2264s
        iters: 1800, epoch: 9 | loss: 0.1841766
        speed: 0.1454s/iter; left time: 406.0252s
        iters: 1900, epoch: 9 | loss: 0.1992776
        speed: 0.1463s/iter; left time: 393.9677s
        iters: 2000, epoch: 9 | loss: 0.1973795
        speed: 0.1462s/iter; left time: 379.1567s
        iters: 2100, epoch: 9 | loss: 0.2160880
        speed: 0.1456s/iter; left time: 362.9374s
        iters: 2200, epoch: 9 | loss: 0.1944396
        speed: 0.1455s/iter; left time: 348.1876s
Epoch: 9 cost time: 334.791202545166
Epoch: 9, Steps: 2296 | Train Loss: 0.2229747 Vali Loss: 0.2055719 Test Loss: 0.2156643
Updating learning rate to 3.90625e-07
        iters: 100, epoch: 10 | loss: 0.1893141
        speed: 0.6500s/iter; left time: 1428.0545s
        iters: 200, epoch: 10 | loss: 0.2156704
        speed: 0.1456s/iter; left time: 305.3287s
        iters: 300, epoch: 10 | loss: 0.1912707
        speed: 0.1458s/iter; left time: 291.1682s
        iters: 400, epoch: 10 | loss: 0.2472863
        speed: 0.1459s/iter; left time: 276.8347s
        iters: 500, epoch: 10 | loss: 0.2902008
        speed: 0.1456s/iter; left time: 261.5940s
        iters: 600, epoch: 10 | loss: 0.1999068
        speed: 0.1456s/iter; left time: 247.0367s
        iters: 700, epoch: 10 | loss: 0.1629911
        speed: 0.1464s/iter; left time: 233.8061s
        iters: 800, epoch: 10 | loss: 0.2567601
        speed: 0.1476s/iter; left time: 220.9339s
        iters: 900, epoch: 10 | loss: 0.1189618
        speed: 0.1454s/iter; left time: 203.1552s
        iters: 1000, epoch: 10 | loss: 0.2453685
        speed: 0.1455s/iter; left time: 188.7168s
        iters: 1100, epoch: 10 | loss: 0.1782011
        speed: 0.1455s/iter; left time: 174.2025s
        iters: 1200, epoch: 10 | loss: 0.2476807
        speed: 0.1475s/iter; left time: 161.8123s
        iters: 1300, epoch: 10 | loss: 0.1867362
        speed: 0.1930s/iter; left time: 192.4228s
        iters: 1400, epoch: 10 | loss: 0.1254143
        speed: 0.1475s/iter; left time: 132.3383s
        iters: 1500, epoch: 10 | loss: 0.1640582
        speed: 0.1460s/iter; left time: 116.3404s
        iters: 1600, epoch: 10 | loss: 0.1000185
        speed: 0.1457s/iter; left time: 101.5199s
        iters: 1700, epoch: 10 | loss: 0.1372097
        speed: 0.1457s/iter; left time: 86.9965s
        iters: 1800, epoch: 10 | loss: 0.2216117
        speed: 0.1460s/iter; left time: 72.5834s
        iters: 1900, epoch: 10 | loss: 0.3840200
        speed: 0.1458s/iter; left time: 57.8797s
        iters: 2000, epoch: 10 | loss: 0.2532067
        speed: 0.1460s/iter; left time: 43.3540s
        iters: 2100, epoch: 10 | loss: 0.2869463
        speed: 0.1462s/iter; left time: 28.8099s
        iters: 2200, epoch: 10 | loss: 0.1378337
        speed: 0.1461s/iter; left time: 14.1681s
Epoch: 10 cost time: 340.10338044166565
Epoch: 10, Steps: 2296 | Train Loss: 0.2228788 Vali Loss: 0.2056963 Test Loss: 0.2156627
Updating learning rate to 1.953125e-07
>>>>>>>testing : long_term_forecast_Solar_Alabama_RAFT_custom_ftM_sl48_ll48_pl24_dm128_nh8_el2_dl1_df256_expand2_dc4_fc1_ebtimeF_dtTrue_test_0<<<<<<<<<<<<<<<<<<<<<<<<<<<<<<<<<
test 10489
test shape: (10489, 24, 137) (10489, 24, 137)
test shape: (10489, 24, 137) (10489, 24, 137)
mse:0.21580195426940918, mae:0.2632291316986084, dtw:-999